BluetoothLeGattSample/build/outputs/logs/manifest-merger-debug-report.txt
-- Merging decision tree log ---
manifest
ADDED from src\main\AndroidManifest.xml:20:1-80:12
	xmlns:android
		ADDED from src\main\AndroidManifest.xml:20:11-69
	package
		ADDED from src\main\AndroidManifest.xml:21:5-44
		INJECTED from src\main\AndroidManifest.xml
		INJECTED from src\main\AndroidManifest.xml
	android:versionName
		ADDED from src\main\AndroidManifest.xml:23:5-30
		INJECTED from src\main\AndroidManifest.xml
		INJECTED from src\main\AndroidManifest.xml
	android:versionCode
		ADDED from src\main\AndroidManifest.xml:22:5-28
		INJECTED from src\main\AndroidManifest.xml
		INJECTED from src\main\AndroidManifest.xml
uses-sdk
ADDED from src\main\AndroidManifest.xml:25:5-26:40
MERGED from [com.android.support:appcompat-v7:23.1.1] AndroidManifest.xml:20:5-43
MERGED from [com.android.support:support-v4:23.1.1] AndroidManifest.xml:20:5-43
MERGED from [com.android.support:design:23.1.1] AndroidManifest.xml:20:5-43
MERGED from [com.android.support:appcompat-v7:23.1.1] AndroidManifest.xml:20:5-43
MERGED from [com.android.support:support-v4:23.1.1] AndroidManifest.xml:20:5-43
MERGED from [com.android.support:recyclerview-v7:23.1.1] AndroidManifest.xml:20:5-43
MERGED from [com.android.support:support-v4:23.1.1] AndroidManifest.xml:20:5-43
MERGED from [com.android.support:support-v4:23.1.1] AndroidManifest.xml:20:5-43
MERGED from [BluetoothLeGatt-master:colorpickerlibary:unspecified] AndroidManifest.xml:5:5-7:41
	android:targetSdkVersion
		ADDED from src\main\AndroidManifest.xml:26:9-38
	android:minSdkVersion
		ADDED from src\main\AndroidManifest.xml:25:15-41
uses-feature#android.hardware.bluetooth_le
ADDED from src\main\AndroidManifest.xml:32:5-89
	android:required
		ADDED from src\main\AndroidManifest.xml:32:64-87
	android:name
		ADDED from src\main\AndroidManifest.xml:32:19-63
uses-permission#android.permission.BLUETOOTH
ADDED from src\main\AndroidManifest.xml:34:5-67
	android:name
		ADDED from src\main\AndroidManifest.xml:34:22-65
uses-permission#android.permission.BLUETOOTH_ADMIN
ADDED from src\main\AndroidManifest.xml:35:5-73
	android:name
		ADDED from src\main\AndroidManifest.xml:35:22-71
uses-permission#android.permission.BIND_NOTIFICATION_LISTENER_SERVICE
ADDED from src\main\AndroidManifest.xml:36:5-92
	android:name
		ADDED from src\main\AndroidManifest.xml:36:22-90
uses-permission#android.permission.ACCESS_FINE_LOCATION
ADDED from src\main\AndroidManifest.xml:37:5-79
	android:name
		ADDED from src\main\AndroidManifest.xml:37:22-76
uses-permission#android.permission.ACCESS_COARSE_LOCATION
ADDED from src\main\AndroidManifest.xml:38:5-81
	android:name
		ADDED from src\main\AndroidManifest.xml:38:22-78
uses-permission#android.permission.SEND_SMS
ADDED from src\main\AndroidManifest.xml:39:5-67
	android:name
		ADDED from src\main\AndroidManifest.xml:39:22-64
uses-permission#android.permission.READ_CONTACTS
ADDED from src\main\AndroidManifest.xml:40:5-71
	android:name
		ADDED from src\main\AndroidManifest.xml:40:22-69
application
ADDED from src\main\AndroidManifest.xml:42:5-78:19
MERGED from [com.android.support:appcompat-v7:23.1.1] AndroidManifest.xml:22:5-20
MERGED from [com.android.support:support-v4:23.1.1] AndroidManifest.xml:22:5-20
MERGED from [com.android.support:design:23.1.1] AndroidManifest.xml:22:5-20
MERGED from [com.android.support:appcompat-v7:23.1.1] AndroidManifest.xml:22:5-20
MERGED from [com.android.support:support-v4:23.1.1] AndroidManifest.xml:22:5-20
MERGED from [com.android.support:support-v4:23.1.1] AndroidManifest.xml:22:5-20
MERGED from [com.android.support:support-v4:23.1.1] AndroidManifest.xml:22:5-20
	android:label
		ADDED from src\main\AndroidManifest.xml:42:18-52
	android:icon
		ADDED from src\main\AndroidManifest.xml:43:9-43
	android:theme
		ADDED from src\main\AndroidManifest.xml:44:9-40
activity#com.amti.vela.bluetoothlegatt.bluetooth.DeviceScanActivity
ADDED from src\main\AndroidManifest.xml:46:9-53:20
	android:screenOrientation
		ADDED from src\main\AndroidManifest.xml:48:13-49
	android:label
		ADDED from src\main\AndroidManifest.xml:47:13-47
	android:name
		ADDED from src\main\AndroidManifest.xml:46:19-63
intent-filter#android.intent.action.MAIN+android.intent.category.LAUNCHER
ADDED from src\main\AndroidManifest.xml:49:13-52:29
action#android.intent.action.MAIN
ADDED from src\main\AndroidManifest.xml:50:17-68
	android:name
		ADDED from src\main\AndroidManifest.xml:50:25-66
category#android.intent.category.LAUNCHER
ADDED from src\main\AndroidManifest.xml:51:17-76
	android:name
		ADDED from src\main\AndroidManifest.xml:51:27-74
activity#com.amti.vela.bluetoothlegatt.MainActivity
ADDED from src\main\AndroidManifest.xml:55:9-57:55
	android:windowSoftInputMode
		ADDED from src\main\AndroidManifest.xml:57:13-52
	android:screenOrientation
		ADDED from src\main\AndroidManifest.xml:56:45-81
	android:label
		ADDED from src\main\AndroidManifest.xml:56:13-44
	android:name
		ADDED from src\main\AndroidManifest.xml:55:19-47
activity#com.amti.vela.bluetoothlegatt.SettingsActivity
ADDED from src\main\AndroidManifest.xml:59:9-66:20
	android:screenOrientation
		ADDED from src\main\AndroidManifest.xml:61:13-49
	android:label
		ADDED from src\main\AndroidManifest.xml:60:13-37
	android:name
		ADDED from src\main\AndroidManifest.xml:59:19-51
intent-filter#android.intent.category.DEFAULT+com.amti.vela.bluetoothlegatt.SettingsActivity
ADDED from src\main\AndroidManifest.xml:62:13-65:29
action#com.amti.vela.bluetoothlegatt.SettingsActivity
ADDED from src\main\AndroidManifest.xml:63:17-88
	android:name
		ADDED from src\main\AndroidManifest.xml:63:25-86
category#android.intent.category.DEFAULT
ADDED from src\main\AndroidManifest.xml:64:17-75
	android:name
		ADDED from src\main\AndroidManifest.xml:64:27-73
service#com.amti.vela.bluetoothlegatt.bluetooth.BluetoothLeService
ADDED from src\main\AndroidManifest.xml:68:9-116
	android:enabled
		ADDED from src\main\AndroidManifest.xml:68:92-114
	android:name
		ADDED from src\main\AndroidManifest.xml:68:18-91
service#com.amti.vela.bluetoothlegatt.NotificationService
ADDED from src\main\AndroidManifest.xml:70:9-76:19
	android:label
		ADDED from src\main\AndroidManifest.xml:72:13-45
	android:permission
		ADDED from src\main\AndroidManifest.xml:71:13-87
	android:name
		ADDED from src\main\AndroidManifest.xml:70:18-82
intent-filter#android.service.notification.NotificationListenerService
ADDED from src\main\AndroidManifest.xml:73:13-75:29
action#android.service.notification.NotificationListenerService
ADDED from src\main\AndroidManifest.xml:74:17-99
	android:name
		ADDED from src\main\AndroidManifest.xml:74:25-96